<?xml version="1.0" encoding="UTF-8"?>
<!-- Generated by org.testng.reporters.JUnitReportReporter -->
<testsuite hostname="delledge-PC" name="com.sci.Testmate.TestScripts.Bandwidth_Alerts_by_Location_TestScripts" tests="1" failures="0" timestamp="13 Apr 2018 14:09:23 GMT" time="64.426" errors="0">
  <testcase name="bandwidth_Alerts_by_Locationwise" time="64.426" classname="com.sci.Testmate.TestScripts.Bandwidth_Alerts_by_Location_TestScripts"/>
</testsuite> <!-- com.sci.Testmate.TestScripts.Bandwidth_Alerts_by_Location_TestScripts -->
