<?xml version="1.0" encoding="UTF-8"?>
<!-- Generated by org.testng.reporters.JUnitReportReporter -->
<testsuite hostname="delledge-PC" name="com.sci.Testmate.Email.MailProjectClass" tests="1" failures="0" timestamp="14 May 2018 06:04:54 GMT" time="19.025" errors="0">
  <testcase name="sendmail" time="19.025" classname="com.sci.Testmate.Email.MailProjectClass"/>
</testsuite> <!-- com.sci.Testmate.Email.MailProjectClass -->
