<?xml version="1.0" encoding="UTF-8"?>
<!-- Generated by org.testng.reporters.JUnitReportReporter -->
<testsuite hostname="delledge-PC" name="com.sci.Testmate.TestScripts.LaunchTestScript" tests="1" failures="0" timestamp="17 Apr 2018 05:44:02 GMT" time="61.992" errors="0">
  <testcase name="launchbrowser" time="61.992" classname="com.sci.Testmate.TestScripts.LaunchTestScript"/>
</testsuite> <!-- com.sci.Testmate.TestScripts.LaunchTestScript -->
