<?xml version="1.0" encoding="UTF-8"?>
<!-- Generated by org.testng.reporters.JUnitReportReporter -->
<testsuite hostname="delledge-PC" name="com.sci.Testmate.TestScripts.Bandwidth_Alerts_by_Location" tests="1" failures="0" timestamp="11 Apr 2018 08:46:37 GMT" time="160.909" errors="0">
  <testcase name="bandwidth_Alerts_by_Location_FirstLocation" time="160.909" classname="com.sci.Testmate.TestScripts.Bandwidth_Alerts_by_Location"/>
</testsuite> <!-- com.sci.Testmate.TestScripts.Bandwidth_Alerts_by_Location -->
