<?xml version="1.0" encoding="UTF-8"?>
<!-- Generated by org.testng.reporters.JUnitReportReporter -->
<testsuite hostname="delledge-PC" name="com.sci.Testmate.TestSuites.Sample" tests="1" failures="0" timestamp="10 May 2018 16:46:42 GMT" time="45.663" errors="0">
  <testcase name="launch" time="45.663" classname="com.sci.Testmate.TestSuites.Sample"/>
</testsuite> <!-- com.sci.Testmate.TestSuites.Sample -->
