<?xml version="1.0" encoding="UTF-8"?>
<!-- Generated by org.testng.reporters.JUnitReportReporter -->
<testsuite hostname="delledge-PC" name="com.sci.Testmate.TestScripts.Orders_for_this_LocationTestScripts" tests="2" failures="0" timestamp="21 May 2018 07:00:24 GMT" time="58.286" errors="0">
  <testcase name="orders_For_this_Location" time="55.872" classname="com.sci.Testmate.TestScripts.Orders_for_this_LocationTestScripts"/>
  <testcase name="orders_searchFunctionality" time="2.414" classname="com.sci.Testmate.TestScripts.Orders_for_this_LocationTestScripts"/>
</testsuite> <!-- com.sci.Testmate.TestScripts.Orders_for_this_LocationTestScripts -->
