<?xml version="1.0" encoding="UTF-8"?>
<!-- Generated by org.testng.reporters.JUnitReportReporter -->
<testsuite hostname="delledge-PC" name="com.sci.Testmate.TestScripts.Applications_At_This_Location_TestScripts" tests="1" failures="0" timestamp="4 May 2018 16:46:10 GMT" time="85.795" errors="0">
  <testcase name="addApplication_AtThis_Location" time="85.795" classname="com.sci.Testmate.TestScripts.Applications_At_This_Location_TestScripts"/>
</testsuite> <!-- com.sci.Testmate.TestScripts.Applications_At_This_Location_TestScripts -->
